<?xml version="1.0" encoding="UTF-8"?>
<!-- Generated by org.testng.reporters.JUnitReportReporter -->
<testsuite hostname="DESKTOP-7A2V8I9" failures="0" tests="3" name="datadriven.dataprovider" time="0.014" errors="0" timestamp="2024-02-06T23:50:02 IST" skipped="0">
  <testcase classname="datadriven.dataprovider" name="testCaseData" time="0.009"/>
  <testcase classname="datadriven.dataprovider" name="testCaseData" time="0.003"/>
  <testcase classname="datadriven.dataprovider" name="testCaseData" time="0.002"/>
</testsuite> <!-- datadriven.dataprovider -->
