<?xml version="1.0" encoding="UTF-8"?>
<!-- Generated by org.testng.reporters.JUnitReportReporter -->
<testsuite hostname="DESKTOP-7A2V8I9" failures="0" tests="2" name="datadriven.CrossBrowserTestingExample" time="63.591" errors="0" timestamp="2024-04-05T18:51:55 IST" skipped="0">
  <testcase classname="datadriven.CrossBrowserTestingExample" name="testLoginChrome" time="29.770"/>
  <testcase classname="datadriven.CrossBrowserTestingExample" name="testEdgeBrowser" time="33.821"/>
</testsuite> <!-- datadriven.CrossBrowserTestingExample -->
