<?xml version="1.0" encoding="UTF-8"?>
<!-- Generated by org.testng.reporters.JUnitReportReporter -->
<testsuite hostname="DESKTOP-7A2V8I9" failures="0" tests="1" name="orangehrmExceldata.demo" time="37.067" errors="0" timestamp="2024-03-20T15:13:33 IST" skipped="0">
  <testcase classname="orangehrmExceldata.demo" name="contextMenuTest" time="37.067"/>
</testsuite> <!-- orangehrmExceldata.demo -->
